{"message":"Could not get the genres","stack":"Error: Could not get the genres\n    at D:\\OnlineLearning\\udemy\\RESTful_services\\first-app\\movie_check\\routes\\genres.js:14:11\n    at newFn (D:\\OnlineLearning\\udemy\\RESTful_services\\first-app\\movie_check\\node_modules\\express-async-errors\\index.js:16:20)\n    at Layer.handle [as handle_request] (D:\\OnlineLearning\\udemy\\RESTful_services\\first-app\\movie_check\\node_modules\\express\\lib\\router\\layer.js:95:5)\n    at next (D:\\OnlineLearning\\udemy\\RESTful_services\\first-app\\movie_check\\node_modules\\express\\lib\\router\\route.js:137:13)\n    at Route.dispatch (D:\\OnlineLearning\\udemy\\RESTful_services\\first-app\\movie_check\\node_modules\\express\\lib\\router\\route.js:112:3)\n    at newFn (D:\\OnlineLearning\\udemy\\RESTful_services\\first-app\\movie_check\\node_modules\\express-async-errors\\index.js:16:20)\n    at Layer.handle [as handle_request] (D:\\OnlineLearning\\udemy\\RESTful_services\\first-app\\movie_check\\node_modules\\express\\lib\\router\\layer.js:95:5)\n    at D:\\OnlineLearning\\udemy\\RESTful_services\\first-app\\movie_check\\node_modules\\express\\lib\\router\\index.js:281:22\n    at Function.process_params (D:\\OnlineLearning\\udemy\\RESTful_services\\first-app\\movie_check\\node_modules\\express\\lib\\router\\index.js:335:12)\n    at next (D:\\OnlineLearning\\udemy\\RESTful_services\\first-app\\movie_check\\node_modules\\express\\lib\\router\\index.js:275:10)\n    at Function.handle (D:\\OnlineLearning\\udemy\\RESTful_services\\first-app\\movie_check\\node_modules\\express\\lib\\router\\index.js:174:3)\n    at router (D:\\OnlineLearning\\udemy\\RESTful_services\\first-app\\movie_check\\node_modules\\express\\lib\\router\\index.js:47:12)\n    at newFn (D:\\OnlineLearning\\udemy\\RESTful_services\\first-app\\movie_check\\node_modules\\express-async-errors\\index.js:16:20)\n    at Layer.handle [as handle_request] (D:\\OnlineLearning\\udemy\\RESTful_services\\first-app\\movie_check\\node_modules\\express\\lib\\router\\layer.js:95:5)\n    at trim_prefix (D:\\OnlineLearning\\udemy\\RESTful_services\\first-app\\movie_check\\node_modules\\express\\lib\\router\\index.js:317:13)\n    at D:\\OnlineLearning\\udemy\\RESTful_services\\first-app\\movie_check\\node_modules\\express\\lib\\router\\index.js:284:7","level":"error","timestamp":"2022-11-13T02:43:32.936Z"}
{"message":"Could not get the genres","stack":"Error: Could not get the genres\n    at D:\\OnlineLearning\\udemy\\RESTful_services\\first-app\\movie_check\\routes\\genres.js:14:11\n    at newFn (D:\\OnlineLearning\\udemy\\RESTful_services\\first-app\\movie_check\\node_modules\\express-async-errors\\index.js:16:20)\n    at Layer.handle [as handle_request] (D:\\OnlineLearning\\udemy\\RESTful_services\\first-app\\movie_check\\node_modules\\express\\lib\\router\\layer.js:95:5)\n    at next (D:\\OnlineLearning\\udemy\\RESTful_services\\first-app\\movie_check\\node_modules\\express\\lib\\router\\route.js:137:13)\n    at Route.dispatch (D:\\OnlineLearning\\udemy\\RESTful_services\\first-app\\movie_check\\node_modules\\express\\lib\\router\\route.js:112:3)\n    at newFn (D:\\OnlineLearning\\udemy\\RESTful_services\\first-app\\movie_check\\node_modules\\express-async-errors\\index.js:16:20)\n    at Layer.handle [as handle_request] (D:\\OnlineLearning\\udemy\\RESTful_services\\first-app\\movie_check\\node_modules\\express\\lib\\router\\layer.js:95:5)\n    at D:\\OnlineLearning\\udemy\\RESTful_services\\first-app\\movie_check\\node_modules\\express\\lib\\router\\index.js:281:22\n    at Function.process_params (D:\\OnlineLearning\\udemy\\RESTful_services\\first-app\\movie_check\\node_modules\\express\\lib\\router\\index.js:335:12)\n    at next (D:\\OnlineLearning\\udemy\\RESTful_services\\first-app\\movie_check\\node_modules\\express\\lib\\router\\index.js:275:10)\n    at Function.handle (D:\\OnlineLearning\\udemy\\RESTful_services\\first-app\\movie_check\\node_modules\\express\\lib\\router\\index.js:174:3)\n    at router (D:\\OnlineLearning\\udemy\\RESTful_services\\first-app\\movie_check\\node_modules\\express\\lib\\router\\index.js:47:12)\n    at newFn (D:\\OnlineLearning\\udemy\\RESTful_services\\first-app\\movie_check\\node_modules\\express-async-errors\\index.js:16:20)\n    at Layer.handle [as handle_request] (D:\\OnlineLearning\\udemy\\RESTful_services\\first-app\\movie_check\\node_modules\\express\\lib\\router\\layer.js:95:5)\n    at trim_prefix (D:\\OnlineLearning\\udemy\\RESTful_services\\first-app\\movie_check\\node_modules\\express\\lib\\router\\index.js:317:13)\n    at D:\\OnlineLearning\\udemy\\RESTful_services\\first-app\\movie_check\\node_modules\\express\\lib\\router\\index.js:284:7","level":"error","timestamp":"2022-11-13T02:49:19.900Z"}
{"message":"Something failed during startup","stack":"Error: Something failed during startup\n    at Object.<anonymous> (D:\\OnlineLearning\\udemy\\RESTful_services\\first-app\\movie_check\\index.js:30:7)\n    at Module._compile (node:internal/modules/cjs/loader:1126:14)\n    at Object.Module._extensions..js (node:internal/modules/cjs/loader:1180:10)\n    at Module.load (node:internal/modules/cjs/loader:1004:32)\n    at Function.Module._load (node:internal/modules/cjs/loader:839:12)\n    at Function.executeUserEntryPoint [as runMain] (node:internal/modules/run_main:81:12)\n    at node:internal/main/run_main_module:17:47","level":"error","timestamp":"2022-11-13T03:00:48.828Z"}
{"message":"Something failed during startup","stack":"Error: Something failed during startup\n    at Object.<anonymous> (D:\\OnlineLearning\\udemy\\RESTful_services\\first-app\\movie_check\\index.js:30:7)\n    at Module._compile (node:internal/modules/cjs/loader:1126:14)\n    at Object.Module._extensions..js (node:internal/modules/cjs/loader:1180:10)\n    at Module.load (node:internal/modules/cjs/loader:1004:32)\n    at Function.Module._load (node:internal/modules/cjs/loader:839:12)\n    at Function.executeUserEntryPoint [as runMain] (node:internal/modules/run_main:81:12)\n    at node:internal/main/run_main_module:17:47","level":"error","timestamp":"2022-11-13T03:00:59.840Z"}
{"level":"info","message":"Connected to MonogDB..","timestamp":"2022-11-13T16:38:56.663Z"}
{"level":"info","message":"Connected to MonogDB..","timestamp":"2022-11-13T16:40:45.875Z"}
{"level":"info","message":"Connected to MonogDB..","timestamp":"2022-11-13T16:41:00.771Z"}
{"level":"info","message":"Connected to MonogDB..","timestamp":"2022-11-13T16:41:47.508Z"}
{"level":"info","message":"Connected to MonogDB..","timestamp":"2022-11-13T16:42:09.699Z"}
{"level":"info","message":"Connected to MonogDB..","timestamp":"2022-11-13T16:42:36.052Z"}
{"level":"info","message":"Connected to MonogDB..","timestamp":"2022-11-13T16:42:50.391Z"}
{"level":"info","message":"Connected to MonogDB..","timestamp":"2022-11-13T16:43:29.253Z"}
{"level":"info","message":"Connected to MonogDB..","timestamp":"2022-11-13T16:43:51.150Z"}
{"level":"info","message":"Connected to MonogDB..","timestamp":"2022-11-13T16:44:09.779Z"}
{"level":"info","message":"Connected to MonogDB..","timestamp":"2022-11-13T16:44:59.609Z"}
{"level":"info","message":"Connected to MonogDB..","timestamp":"2022-11-13T16:45:11.978Z"}
{"level":"info","message":"Connected to MonogDB..","timestamp":"2022-11-13T16:46:39.636Z"}
{"level":"info","message":"Connected to MonogDB..","timestamp":"2022-11-13T16:50:16.904Z"}
{"level":"info","message":"Connected to MonogDB..","timestamp":"2022-11-13T16:52:03.815Z"}
{"level":"info","message":"Connected to MonogDB..","timestamp":"2022-11-13T16:52:16.713Z"}
{"level":"info","message":"Listening on port 3000...","timestamp":"2022-11-13T16:53:08.057Z"}
{"level":"info","message":"Connected to MonogDB..","timestamp":"2022-11-13T16:53:08.079Z"}
{"level":"info","message":"Listening on port 3000...","timestamp":"2022-11-13T16:55:05.120Z"}
{"level":"info","message":"Connected to MonogDB..","timestamp":"2022-11-13T16:55:05.140Z"}
{"level":"info","message":"Listening on port 3000...","timestamp":"2022-11-19T22:38:04.580Z"}
{"level":"info","message":"Connected to mongodb://localhost/movie..","timestamp":"2022-11-19T22:38:04.600Z"}
{"level":"info","message":"Listening on port 3000...","timestamp":"2022-11-22T03:40:42.045Z"}
{"level":"info","message":"Connected to mongodb://localhost/movie..","timestamp":"2022-11-22T03:40:42.069Z"}
